<?xml version="1.0" encoding="UTF-8"?>
<coverage generated="1558247878289" clover="3.2.0">
  <project timestamp="1558247878289" name="All files">
    <metrics statements="28" coveredstatements="6" conditionals="13" coveredconditionals="1" methods="15" coveredmethods="3" elements="56" coveredelements="10" complexity="0" loc="28" ncloc="28" packages="1" files="3" classes="3">
      <file name="Carousel.jsx" path="/Users/fuuta/fem-react-v4/src/Carousel.jsx">
        <metrics statements="8" coveredstatements="0" conditionals="7" coveredconditionals="0" methods="5" coveredmethods="0"/>
        <line num="11" count="0" type="stmt"/>
        <line num="13" count="0" type="cond" truecount="0" falsecount="5"/>
        <line num="14" count="0" type="stmt"/>
        <line num="17" count="0" type="stmt"/>
        <line num="22" count="0" type="stmt"/>
        <line num="29" count="0" type="stmt"/>
        <line num="31" count="0" type="stmt"/>
        <line num="38" count="0" type="stmt"/>
      </file>
      <file name="Details.jsx" path="/Users/fuuta/fem-react-v4/src/Details.jsx">
        <metrics statements="14" coveredstatements="5" conditionals="6" coveredconditionals="1" methods="6" coveredmethods="3"/>
        <line num="7" count="1" type="stmt"/>
        <line num="18" count="1" type="stmt"/>
        <line num="21" count="2" type="stmt"/>
        <line num="22" count="0" type="stmt"/>
        <line num="25" count="0" type="cond" truecount="0" falsecount="2"/>
        <line num="26" count="0" type="stmt"/>
        <line num="28" count="0" type="stmt"/>
        <line num="31" count="0" type="stmt"/>
        <line num="41" count="0" type="stmt"/>
        <line num="44" count="0" type="stmt"/>
        <line num="50" count="3" type="cond" truecount="1" falsecount="1"/>
        <line num="51" count="3" type="stmt"/>
        <line num="62" count="0" type="stmt"/>
        <line num="64" count="0" type="stmt"/>
      </file>
      <file name="Modal.jsx" path="/Users/fuuta/fem-react-v4/src/Modal.jsx">
        <metrics statements="6" coveredstatements="1" conditionals="0" coveredconditionals="0" methods="4" coveredmethods="0"/>
        <line num="4" count="1" type="stmt"/>
        <line num="8" count="0" type="stmt"/>
        <line num="10" count="0" type="stmt"/>
        <line num="14" count="0" type="stmt"/>
        <line num="18" count="0" type="stmt"/>
        <line num="22" count="0" type="stmt"/>
      </file>
    </metrics>
  </project>
</coverage>
